-- alter server loopback options (add log_match_progress 'true');
explain verbose select key, case when count(value) < 10 then 'several' when count(value) < 100 then 'tens' when count(value) < 1000 then 'hundreds' when count(value) < 10000 then 'thousands' when count(value) < 100000 then 'tens of thousands' when count(value) < 1000000 then 'hundreds of thousands' when count(value) < 10000000 then 'millions' else 'many' end as quantity FROM test GROUP BY key union all select key, count(value)::text FROM test GROUP BY key;
                                                                                                                                                                                                                                QUERY PLAN                                                                                                                                                                                                                                 
---------------------------------------------------------------------------------------------------------------------------------------------------------------------------------------------------------------------------------------------------------------------------------------------------------------------------------------------------------------------------------------------------------------------------------------------------------------------------
 Append  (cost=0.00..67.60 rows=2080 width=64)
   ->  Custom Scan (MVRewriteScan)  (cost=0.00..18.80 rows=880 width=64)
         Output: test.key, (CASE WHEN (count(test.value) < 10) THEN 'several'::text WHEN (count(test.value) < 100) THEN 'tens'::text WHEN (count(test.value) < 1000) THEN 'hundreds'::text WHEN (count(test.value) < 10000) THEN 'thousands'::text WHEN (count(test.value) < 100000) THEN 'tens of thousands'::text WHEN (count(test.value) < 1000000) THEN 'hundreds of thousands'::text WHEN (count(test.value) < 10000000) THEN 'millions'::text ELSE 'many'::text END)
         Rewritten SQL: SELECT key, quantity FROM public.test_expr_mv1
         Original costs: cost=10017.10..10031.60 rows=200 width=64; cost=18791.50..18797.00 rows=200 width=64; cost=64708.22..74029.84 rows=200 width=64
   ->  Custom Scan (MVRewriteScan)  (cost=0.00..28.00 rows=1200 width=64)
         Output: test_1.key, ((count(test_1.value))::text)
         Relations: Aggregate on (public.test)
         Remote SQL: SELECT key, count::text FROM public.test_mv1
(9 rows)

